
2024-05-21T06:57:40.344Z: Test package started
2024-05-21T06:57:42.400Z: Search a group by name
2024-05-21T06:57:42.418Z: Add album in user library
2024-05-21T06:58:06.012Z: Test package started
2024-05-21T06:58:07.886Z: Search a group by name
2024-05-21T06:58:11.290Z: The search result is correct
2024-05-21T06:58:11.292Z: Add album in user library
2024-05-21T06:58:26.091Z: Test package started
2024-05-21T06:58:28.176Z: Search a group by name
2024-05-21T06:58:28.323Z: Add album in user library
2024-06-05T08:12:33.491Z: Test package started
2024-06-05T08:12:36.875Z: Search a group by name
2024-06-05T08:12:36.893Z: Add album in user library
2024-06-05T08:13:00.276Z: Album has been added to user library
2024-06-05T08:13:00.292Z: Following singer
2024-06-05T08:13:19.505Z: Following have been confirmed
2024-06-05T08:13:21.028Z: Create listen queue
2024-06-05T08:13:25.832Z: Add additional gmail
2024-06-05T08:13:33.643Z: Gmail was added
2024-06-05T08:13:35.171Z: Delete track from soundcloud
2024-06-05T08:13:45.570Z: Track was deleted from soundcloud
2024-06-05T08:13:47.083Z: Add comment to the song
2024-06-05T08:14:25.848Z: Comment was added
2024-06-05T08:14:27.373Z: Clear listening history
2024-06-05T08:14:33.691Z: Listening history is cleared
2024-06-05T08:14:35.215Z: Add song to playlist
2024-06-05T08:14:54.032Z: Song added to playlist
2024-06-05T08:14:55.548Z: Begin logout
2024-06-05T08:14:59.259Z: Logout complete
